<?xml version="1.0" encoding="UTF-8"?>
<testng-results skipped="0" failed="0" ignored="0" total="1" passed="1">
  <reporter-output>
  </reporter-output>
  <suite name="Default suite" duration-ms="153062" started-at="2019-05-20T06:37:34Z" finished-at="2019-05-20T06:40:07Z">
    <groups>
    </groups>
    <test name="Default test" duration-ms="153062" started-at="2019-05-20T06:37:34Z" finished-at="2019-05-20T06:40:07Z">
      <class name="Pages.AutoTrader">
        <test-method status="PASS" signature="beforeEachTest()[pri:0, instance:Pages.AutoTrader@42d80b78]" name="beforeEachTest" is-config="true" duration-ms="5228" started-at="2019-05-19T23:37:34Z" finished-at="2019-05-19T23:37:40Z">
          <reporter-output>
          </reporter-output>
        </test-method> <!-- beforeEachTest -->
        <test-method status="PASS" signature="AllTests()[pri:0, instance:Pages.AutoTrader@42d80b78]" name="AllTests" duration-ms="141964" started-at="2019-05-19T23:37:40Z" finished-at="2019-05-19T23:40:02Z">
          <reporter-output>
          </reporter-output>
        </test-method> <!-- AllTests -->
        <test-method status="PASS" signature="afterEachTest(org.testng.ITestResult)[pri:0, instance:Pages.AutoTrader@42d80b78]" name="afterEachTest" is-config="true" duration-ms="5819" started-at="2019-05-19T23:40:02Z" finished-at="2019-05-19T23:40:07Z">
          <params>
            <param index="0">
              <value>
                <![CDATA[[TestResult name=AllTests status=SUCCESS method=AutoTrader.AllTests()[pri:0, instance:Pages.AutoTrader@42d80b78] output={null}]]]>
              </value>
            </param>
          </params>
          <reporter-output>
          </reporter-output>
        </test-method> <!-- afterEachTest -->
      </class> <!-- Pages.AutoTrader -->
    </test> <!-- Default test -->
  </suite> <!-- Default suite -->
</testng-results>
